TN:
SF:src\validator\formValidator.ts
FN:43,(anonymous_0)
FN:54,(anonymous_1)
FN:263,(anonymous_2)
FN:282,(anonymous_3)
FN:312,(anonymous_4)
FN:372,(anonymous_5)
FN:378,(anonymous_6)
FNF:7
FNH:6
FNDA:15,(anonymous_0)
FNDA:12,(anonymous_1)
FNDA:12,(anonymous_2)
FNDA:12,(anonymous_3)
FNDA:12,(anonymous_4)
FNDA:0,(anonymous_5)
FNDA:3,(anonymous_6)
DA:19,1
DA:43,1
DA:44,15
DA:54,1
DA:55,12
DA:58,12
DA:59,12
DA:62,11
DA:65,10
DA:66,10
DA:72,1
DA:263,1
DA:264,12
DA:265,12
DA:267,12
DA:268,12
DA:270,12
DA:272,11
DA:273,11
DA:282,1
DA:283,12
DA:286,12
DA:287,12
DA:289,12
DA:292,12
DA:295,12
DA:296,12
DA:301,12
DA:305,0
DA:306,0
DA:307,0
DA:309,0
DA:312,1
DA:313,12
DA:316,12
DA:317,3
DA:323,12
DA:325,12
DA:326,0
DA:327,12
DA:328,0
DA:329,12
DA:330,4
DA:335,12
DA:336,0
DA:337,12
DA:338,12
DA:342,0
DA:343,0
DA:344,0
DA:345,0
DA:346,0
DA:348,0
DA:349,0
DA:352,0
DA:353,0
DA:358,12
DA:359,0
DA:363,12
DA:364,0
DA:368,12
DA:372,1
DA:373,0
DA:374,0
DA:378,1
DA:379,3
LF:66
LH:46
BRDA:55,0,0,0
BRDA:55,0,1,12
BRDA:59,1,0,1
BRDA:59,1,1,11
BRDA:62,2,0,1
BRDA:62,2,1,10
BRDA:265,3,0,0
BRDA:265,3,1,12
BRDA:270,4,0,1
BRDA:270,4,1,11
BRDA:273,5,0,11
BRDA:273,5,1,8
BRDA:283,6,0,0
BRDA:283,6,1,12
BRDA:287,7,0,0
BRDA:287,7,1,12
BRDA:292,8,0,0
BRDA:292,8,1,12
BRDA:296,9,0,12
BRDA:296,9,1,0
BRDA:297,10,0,12
BRDA:297,10,1,0
BRDA:297,10,2,0
BRDA:316,11,0,3
BRDA:316,11,1,9
BRDA:316,12,0,12
BRDA:316,12,1,12
BRDA:325,13,0,0
BRDA:325,13,1,12
BRDA:327,14,0,0
BRDA:327,14,1,12
BRDA:329,15,0,4
BRDA:329,15,1,8
BRDA:335,16,0,0
BRDA:335,16,1,12
BRDA:337,17,0,12
BRDA:337,17,1,0
BRDA:348,18,0,0
BRDA:348,18,1,0
BRDA:348,19,0,0
BRDA:348,19,1,0
BRDA:348,19,2,0
BRDA:352,20,0,0
BRDA:352,20,1,0
BRDA:358,21,0,0
BRDA:358,21,1,12
BRDA:358,22,0,12
BRDA:358,22,1,12
BRDA:363,23,0,0
BRDA:363,23,1,12
BRDA:363,24,0,12
BRDA:363,24,1,12
BRF:52
BRH:31
end_of_record
TN:
SF:src\validator\colmena\formValidatorColmena.ts
FN:112,(anonymous_0)
FN:121,(anonymous_1)
FN:136,(anonymous_2)
FN:173,(anonymous_3)
FN:225,(anonymous_4)
FN:261,(anonymous_5)
FN:269,(anonymous_6)
FN:284,(anonymous_7)
FN:306,(anonymous_8)
FNF:9
FNH:9
FNDA:35,(anonymous_0)
FNDA:31,(anonymous_1)
FNDA:31,(anonymous_2)
FNDA:31,(anonymous_3)
FNDA:31,(anonymous_4)
FNDA:29,(anonymous_5)
FNDA:3,(anonymous_6)
FNDA:31,(anonymous_7)
FNDA:31,(anonymous_8)
DA:18,1
DA:19,1
DA:20,1
DA:21,1
DA:22,1
DA:25,1
DA:29,1
DA:75,1
DA:95,1
DA:113,35
DA:114,2
DA:118,33
DA:122,31
DA:124,31
DA:125,31
DA:126,31
DA:127,31
DA:128,31
DA:130,31
DA:140,31
DA:141,0
DA:142,0
DA:146,31
DA:148,31
DA:149,2
DA:150,2
DA:153,29
DA:154,1
DA:156,1
DA:160,28
DA:161,2
DA:163,2
DA:167,26
DA:168,1
DA:169,1
DA:177,31
DA:178,0
DA:179,0
DA:182,31
DA:184,31
DA:185,1
DA:186,1
DA:189,30
DA:190,2
DA:191,2
DA:194,28
DA:195,28
DA:198,28
DA:199,1
DA:200,1
DA:201,1
DA:205,27
DA:206,27
DA:207,1
DA:208,1
DA:213,26
DA:218,26
DA:219,0
DA:221,0
DA:229,31
DA:231,31
DA:232,2
DA:233,29
DA:234,29
DA:237,31
DA:238,1
DA:240,1
DA:243,30
DA:244,30
DA:245,30
DA:249,30
DA:250,3
DA:251,3
DA:254,27
DA:255,1
DA:257,1
DA:262,29
DA:264,29
DA:265,27
DA:268,2
DA:269,3
DA:270,1
DA:271,1
DA:272,1
DA:277,1
DA:281,1
DA:288,31
DA:289,0
DA:290,0
DA:293,31
DA:295,31
DA:296,2
DA:297,2
DA:300,29
DA:301,1
DA:302,1
DA:310,31
DA:311,27
DA:314,4
DA:315,1
DA:316,1
DA:319,3
DA:320,1
DA:321,1
LF:104
LH:96
BRDA:113,0,0,2
BRDA:113,0,1,33
BRDA:113,1,0,35
BRDA:113,1,1,34
BRDA:140,2,0,0
BRDA:140,2,1,31
BRDA:148,3,0,2
BRDA:148,3,1,29
BRDA:153,4,0,1
BRDA:153,4,1,28
BRDA:160,5,0,2
BRDA:160,5,1,26
BRDA:167,6,0,1
BRDA:167,6,1,25
BRDA:177,7,0,0
BRDA:177,7,1,31
BRDA:184,8,0,1
BRDA:184,8,1,30
BRDA:189,9,0,2
BRDA:189,9,1,28
BRDA:198,10,0,1
BRDA:198,10,1,27
BRDA:205,11,0,0
BRDA:205,11,1,27
BRDA:205,12,0,27
BRDA:205,12,1,27
BRDA:206,13,0,1
BRDA:206,13,1,26
BRDA:206,14,0,27
BRDA:206,14,1,27
BRDA:213,15,0,26
BRDA:213,15,1,22
BRDA:218,16,0,0
BRDA:218,16,1,26
BRDA:231,17,0,2
BRDA:231,17,1,29
BRDA:233,18,0,29
BRDA:233,18,1,0
BRDA:237,19,0,1
BRDA:237,19,1,30
BRDA:237,20,0,31
BRDA:237,20,1,30
BRDA:249,21,0,3
BRDA:249,21,1,27
BRDA:254,22,0,1
BRDA:254,22,1,26
BRDA:264,23,0,27
BRDA:264,23,1,2
BRDA:269,24,0,1
BRDA:269,24,1,1
BRDA:269,25,0,2
BRDA:269,25,1,1
BRDA:272,26,0,1
BRDA:272,26,1,0
BRDA:273,27,0,1
BRDA:273,27,1,1
BRDA:273,27,2,1
BRDA:288,28,0,0
BRDA:288,28,1,31
BRDA:295,29,0,2
BRDA:295,29,1,29
BRDA:300,30,0,1
BRDA:300,30,1,28
BRDA:310,31,0,27
BRDA:310,31,1,4
BRDA:310,32,0,31
BRDA:310,32,1,4
BRDA:314,33,0,1
BRDA:314,33,1,3
BRDA:319,34,0,1
BRDA:319,34,1,2
BRF:71
BRH:64
end_of_record
